<testsuites name="jest tests" tests="5" failures="0" time="2.85">
  <testsuite name="undefined" errors="0" failures="0" skipped="0" timestamp="2020-08-07T15:16:33" time="2.85" tests="5">
    <testcase classname=" initial UI is rendered as expected and button works" name=" initial UI is rendered as expected and button works" time="0.04">
    </testcase>
    <testcase classname=" button adds notes" name=" button adds notes" time="0.013">
    </testcase>
    <testcase classname=" Multiple notes can be added" name=" Multiple notes can be added" time="0.011">
    </testcase>
    <testcase classname=" Switching between buttons work" name=" Switching between buttons work" time="0.017">
    </testcase>
    <testcase classname=" In active tab, dont show completed notes" name=" In active tab, dont show completed notes" time="0.009">
    </testcase>
  </testsuite>
</testsuites>